=== RUN   TestInitialElection2A
Test (2A): initial election ...
检查term
检查term
  ... Passed --   3.0  3   94   24512    0
--- PASS: TestInitialElection2A (3.05s)
=== RUN   TestReElection2A
Test (2A): election after network failure ...
  ... Passed --   4.6  3  190   37256    0
--- PASS: TestReElection2A (4.55s)
=== RUN   TestManyElections2A
Test (2A): multiple elections ...
  ... Passed --   5.5  7 1074  209365    0
--- PASS: TestManyElections2A (5.52s)
=== RUN   TestBasicAgree2B
Test (2B): basic agreement ...
  ... Passed --   0.6  3   16    4220    3
--- PASS: TestBasicAgree2B (0.64s)
=== RUN   TestRPCBytes2B
Test (2B): RPC byte count ...
  ... Passed --   1.6  3   48  113384   11
--- PASS: TestRPCBytes2B (1.59s)
=== RUN   TestFailAgree2B
Test (2B): agreement despite follower disconnection ...
    config.go:562: one(101) failed to reach agreement
--- FAIL: TestFailAgree2B (2.27s)
=== RUN   TestFailNoAgree2B
Test (2B): no agreement if too many followers disconnect ...
  ... Passed --   3.5  5  292   61337    3
--- PASS: TestFailNoAgree2B (3.48s)
=== RUN   TestConcurrentStarts2B
Test (2B): concurrent Start()s ...
  ... Passed --   0.6  3   14    3718    6
--- PASS: TestConcurrentStarts2B (0.65s)
=== RUN   TestRejoin2B
Test (2B): rejoin of partitioned leader ...
  ... Passed --   6.1  3  280   66645    4
--- PASS: TestRejoin2B (6.10s)
=== RUN   TestBackup2B
Test (2B): leader backs up quickly over incorrect follower logs ...
  ... Passed --  18.9  5 2420 1986050  102
--- PASS: TestBackup2B (18.86s)
=== RUN   TestCount2B
Test (2B): RPC counts aren't too high ...
  ... Passed --   2.1  3   64   17472   12
--- PASS: TestCount2B (2.08s)
=== RUN   TestPersist12C
Test (2C): basic persistence ...
  ... Passed --   3.2  3   98   24843    6
--- PASS: TestPersist12C (3.24s)
=== RUN   TestPersist22C
Test (2C): more persistence ...
  ... Passed --  15.4  5 1280  278976   16
--- PASS: TestPersist22C (15.38s)
=== RUN   TestPersist32C
Test (2C): partitioned leader and one follower crash, leader restarts ...
  ... Passed --   1.7  3   42   10437    4
--- PASS: TestPersist32C (1.69s)
=== RUN   TestFigure82C
Test (2C): Figure 8 ...
  ... Passed --  33.4  5 1344  278807   30
--- PASS: TestFigure82C (33.40s)
=== RUN   TestUnreliableAgree2C
Test (2C): unreliable agreement ...
  ... Passed --   3.4  5  216   77193  246
--- PASS: TestUnreliableAgree2C (3.40s)
=== RUN   TestFigure8Unreliable2C
Test (2C): Figure 8 (unreliable) ...
  ... Passed --  34.0  5 5036 12957668  405
--- PASS: TestFigure8Unreliable2C (34.04s)
=== RUN   TestReliableChurn2C
Test (2C): churn ...
  ... Passed --  16.3  5 2008 6097642  482
--- PASS: TestReliableChurn2C (16.34s)
=== RUN   TestUnreliableChurn2C
Test (2C): unreliable churn ...
  ... Passed --  16.2  5 1852 2289198  273
--- PASS: TestUnreliableChurn2C (16.16s)
=== RUN   TestSnapshotBasic2D
Test (2D): snapshots basic ...
  ... Passed --   4.5  3  144   51376  251
--- PASS: TestSnapshotBasic2D (4.52s)
=== RUN   TestSnapshotInstall2D
Test (2D): install snapshots (disconnect) ...
  ... Passed --  53.1  3 1853  509841  393
--- PASS: TestSnapshotInstall2D (53.08s)
=== RUN   TestSnapshotInstallUnreliable2D
Test (2D): install snapshots (disconnect+unreliable) ...
  ... Passed --  60.5  3 2166  556406  385
--- PASS: TestSnapshotInstallUnreliable2D (60.45s)
=== RUN   TestSnapshotInstallCrash2D
Test (2D): install snapshots (crash) ...
  ... Passed --  29.5  3  898  258749  355
--- PASS: TestSnapshotInstallCrash2D (29.47s)
=== RUN   TestSnapshotInstallUnCrash2D
Test (2D): install snapshots (unreliable+crash) ...
  ... Passed --  33.4  3  992  270970  355
--- PASS: TestSnapshotInstallUnCrash2D (33.38s)
FAIL
