=== RUN   TestInitialElection2A
Test (2A): initial election ...
检查term
检查term
  ... Passed --   3.0  3   94   24512    0
--- PASS: TestInitialElection2A (3.04s)
=== RUN   TestReElection2A
Test (2A): election after network failure ...
  ... Passed --   4.5  3  192   37629    0
--- PASS: TestReElection2A (4.52s)
=== RUN   TestManyElections2A
Test (2A): multiple elections ...
  ... Passed --   5.4  7  720  139442    0
--- PASS: TestManyElections2A (5.44s)
=== RUN   TestBasicAgree2B
Test (2B): basic agreement ...
  ... Passed --   0.6  3   16    4188    3
--- PASS: TestBasicAgree2B (0.59s)
=== RUN   TestRPCBytes2B
Test (2B): RPC byte count ...
  ... Passed --   1.6  3   48  113288   11
--- PASS: TestRPCBytes2B (1.60s)
=== RUN   TestFailAgree2B
Test (2B): agreement despite follower disconnection ...
  ... Passed --   5.6  3  180   46309    8
--- PASS: TestFailAgree2B (5.60s)
=== RUN   TestFailNoAgree2B
Test (2B): no agreement if too many followers disconnect ...
  ... Passed --   3.6  5  288   60043    3
--- PASS: TestFailNoAgree2B (3.63s)
=== RUN   TestConcurrentStarts2B
Test (2B): concurrent Start()s ...
  ... Passed --   0.7  3   16    4232    6
--- PASS: TestConcurrentStarts2B (0.69s)
=== RUN   TestRejoin2B
Test (2B): rejoin of partitioned leader ...
  ... Passed --   6.0  3  278   65974    4
--- PASS: TestRejoin2B (6.01s)
=== RUN   TestBackup2B
Test (2B): leader backs up quickly over incorrect follower logs ...
  ... Passed --  19.0  5 2424 2000634  103
--- PASS: TestBackup2B (19.03s)
=== RUN   TestCount2B
Test (2B): RPC counts aren't too high ...
  ... Passed --   2.1  3   66   18002   12
--- PASS: TestCount2B (2.14s)
=== RUN   TestPersist12C
Test (2C): basic persistence ...
  ... Passed --   3.5  3  104   26089    6
--- PASS: TestPersist12C (3.52s)
=== RUN   TestPersist22C
Test (2C): more persistence ...
  ... Passed --  16.2  5 1364  292606   16
--- PASS: TestPersist22C (16.18s)
=== RUN   TestPersist32C
Test (2C): partitioned leader and one follower crash, leader restarts ...
  ... Passed --   1.5  3   40    9891    4
--- PASS: TestPersist32C (1.50s)
=== RUN   TestFigure82C
Test (2C): Figure 8 ...
  ... Passed --  29.8  5 1112  230605   28
--- PASS: TestFigure82C (29.81s)
=== RUN   TestUnreliableAgree2C
Test (2C): unreliable agreement ...
  ... Passed --   3.5  5  220   77628  246
--- PASS: TestUnreliableAgree2C (3.55s)
=== RUN   TestFigure8Unreliable2C
Test (2C): Figure 8 (unreliable) ...
  ... Passed --  31.4  5 4524 13224549  157
--- PASS: TestFigure8Unreliable2C (31.37s)
=== RUN   TestReliableChurn2C
Test (2C): churn ...
  ... Passed --  16.3  5 1152  894228  673
--- PASS: TestReliableChurn2C (16.31s)
=== RUN   TestUnreliableChurn2C
Test (2C): unreliable churn ...
  ... Passed --  16.2  5  820  474148  232
--- PASS: TestUnreliableChurn2C (16.24s)
=== RUN   TestSnapshotBasic2D
Test (2D): snapshots basic ...
  ... Passed --   4.5  3  144   51086  251
--- PASS: TestSnapshotBasic2D (4.55s)
=== RUN   TestSnapshotInstall2D
Test (2D): install snapshots (disconnect) ...
  ... Passed --  49.3  3 1722  473380  382
--- PASS: TestSnapshotInstall2D (49.34s)
=== RUN   TestSnapshotInstallUnreliable2D
Test (2D): install snapshots (disconnect+unreliable) ...
    config.go:571: one(6789258241562648764) failed to reach agreement
--- FAIL: TestSnapshotInstallUnreliable2D (53.15s)
=== RUN   TestSnapshotInstallCrash2D
Test (2D): install snapshots (crash) ...
  ... Passed --  28.8  3  888  256235  355
--- PASS: TestSnapshotInstallCrash2D (28.81s)
=== RUN   TestSnapshotInstallUnCrash2D
Test (2D): install snapshots (unreliable+crash) ...
  ... Passed --  34.5  3 1020  292374  388
--- PASS: TestSnapshotInstallUnCrash2D (34.49s)
FAIL
