=== RUN   TestInitialElection2A
Test (2A): initial election ...
检查term
检查term
  ... Passed --   3.0  3   92   23986    0
--- PASS: TestInitialElection2A (3.01s)
=== RUN   TestReElection2A
Test (2A): election after network failure ...
  ... Passed --   4.5  3  194   38133    0
--- PASS: TestReElection2A (4.51s)
=== RUN   TestManyElections2A
Test (2A): multiple elections ...
  ... Passed --   5.6  7  774  146506    0
--- PASS: TestManyElections2A (5.56s)
=== RUN   TestBasicAgree2B
Test (2B): basic agreement ...
  ... Passed --   0.6  3   16    4220    3
--- PASS: TestBasicAgree2B (0.64s)
=== RUN   TestRPCBytes2B
Test (2B): RPC byte count ...
  ... Passed --   1.6  3   48  113384   11
--- PASS: TestRPCBytes2B (1.55s)
=== RUN   TestFailAgree2B
Test (2B): agreement despite follower disconnection ...
  ... Passed --   5.5  3  180   46150    7
--- PASS: TestFailAgree2B (5.49s)
=== RUN   TestFailNoAgree2B
Test (2B): no agreement if too many followers disconnect ...
  ... Passed --   3.6  5  280   58174    3
--- PASS: TestFailNoAgree2B (3.60s)
=== RUN   TestConcurrentStarts2B
Test (2B): concurrent Start()s ...
  ... Passed --   0.7  3   14    3702    6
--- PASS: TestConcurrentStarts2B (0.67s)
=== RUN   TestRejoin2B
Test (2B): rejoin of partitioned leader ...
  ... Passed --   4.1  3  220   50042    4
--- PASS: TestRejoin2B (4.09s)
=== RUN   TestBackup2B
Test (2B): leader backs up quickly over incorrect follower logs ...
  ... Passed --  19.0  5 2420 1995822  102
--- PASS: TestBackup2B (19.04s)
=== RUN   TestCount2B
Test (2B): RPC counts aren't too high ...
  ... Passed --   2.2  3   68   18532   12
--- PASS: TestCount2B (2.21s)
=== RUN   TestPersist12C
Test (2C): basic persistence ...
  ... Passed --   3.3  3  104   25915    6
--- PASS: TestPersist12C (3.30s)
=== RUN   TestPersist22C
Test (2C): more persistence ...
  ... Passed --  15.0  5 1264  273107   16
--- PASS: TestPersist22C (15.01s)
=== RUN   TestPersist32C
Test (2C): partitioned leader and one follower crash, leader restarts ...
  ... Passed --   1.5  3   42   10441    4
--- PASS: TestPersist32C (1.46s)
=== RUN   TestFigure82C
Test (2C): Figure 8 ...
  ... Passed --  31.6  5 1180  240745   31
--- PASS: TestFigure82C (31.58s)
=== RUN   TestUnreliableAgree2C
Test (2C): unreliable agreement ...
  ... Passed --   3.4  5  216   76865  246
--- PASS: TestUnreliableAgree2C (3.40s)
=== RUN   TestFigure8Unreliable2C
Test (2C): Figure 8 (unreliable) ...
  ... Passed --  36.1  5 5248 10309578  383
--- PASS: TestFigure8Unreliable2C (36.10s)
=== RUN   TestReliableChurn2C
Test (2C): churn ...
  ... Passed --  16.3  5 1056  942143  617
--- PASS: TestReliableChurn2C (16.27s)
=== RUN   TestUnreliableChurn2C
Test (2C): unreliable churn ...
  ... Passed --  16.3  5 1244  773560  321
--- PASS: TestUnreliableChurn2C (16.25s)
=== RUN   TestSnapshotBasic2D
Test (2D): snapshots basic ...
  ... Passed --   4.5  3  144   51376  251
--- PASS: TestSnapshotBasic2D (4.50s)
=== RUN   TestSnapshotInstall2D
Test (2D): install snapshots (disconnect) ...
  ... Passed --  55.3  3 1904  518952  360
--- PASS: TestSnapshotInstall2D (55.32s)
=== RUN   TestSnapshotInstallUnreliable2D
Test (2D): install snapshots (disconnect+unreliable) ...
  ... Passed --  54.8  3 1924  487726  382
--- PASS: TestSnapshotInstallUnreliable2D (54.78s)
=== RUN   TestSnapshotInstallCrash2D
Test (2D): install snapshots (crash) ...
  ... Passed --  29.8  3  906  255947  377
--- PASS: TestSnapshotInstallCrash2D (29.81s)
=== RUN   TestSnapshotInstallUnCrash2D
Test (2D): install snapshots (unreliable+crash) ...
